<?xml version="1.0" encoding="UTF-8"?>
<!-- Generated by org.testng.reporters.JUnitXMLReporter -->
<testsuite ignored="0" hostname="TYC0522081" failures="0" tests="3" name="Default test" time="114.541" errors="0" timestamp="2024-06-26T22:08:59 IST">
  <testcase classname="leads_Module.CreateLead" name="createUser" time="39.552"/>
  <testcase classname="leads_Module.CreateLead" name="editLead" time="36.077"/>
  <testcase classname="leads_Module.CreateLead" name="deleteLead" time="17.52"/>
</testsuite> <!-- Default test -->
