<?xml version="1.0" encoding="UTF-8"?>
<testng-results ignored="0" total="3" passed="3" failed="0" skipped="0">
  <reporter-output>
  </reporter-output>
  <suite started-at="2024-06-26T22:07:04 IST" name="Default suite" finished-at="2024-06-26T22:08:58 IST" duration-ms="114541">
    <groups>
    </groups>
    <test started-at="2024-06-26T22:07:04 IST" name="Default test" finished-at="2024-06-26T22:08:58 IST" duration-ms="114541">
      <class name="leads_Module.CreateLead">
        <test-method is-config="true" signature="launch()[pri:0, instance:leads_Module.CreateLead@69e153c5]" started-at="2024-06-26T22:07:04 IST" name="launch" finished-at="2024-06-26T22:07:11 IST" duration-ms="6657" status="PASS">
          <reporter-output>
          </reporter-output>
        </test-method> <!-- launch -->
        <test-method signature="createUser()[pri:1, instance:leads_Module.CreateLead@69e153c5]" started-at="2024-06-26T22:07:11 IST" name="createUser" finished-at="2024-06-26T22:07:50 IST" duration-ms="39552" status="PASS">
          <reporter-output>
          </reporter-output>
        </test-method> <!-- createUser -->
        <test-method is-config="true" signature="TeadDown()[pri:0, instance:leads_Module.CreateLead@69e153c5]" started-at="2024-06-26T22:07:50 IST" name="TeadDown" finished-at="2024-06-26T22:07:51 IST" duration-ms="428" status="PASS">
          <reporter-output>
          </reporter-output>
        </test-method> <!-- TeadDown -->
        <test-method is-config="true" signature="launch()[pri:0, instance:leads_Module.CreateLead@69e153c5]" started-at="2024-06-26T22:07:51 IST" name="launch" finished-at="2024-06-26T22:07:57 IST" duration-ms="6607" status="PASS">
          <reporter-output>
          </reporter-output>
        </test-method> <!-- launch -->
        <test-method signature="editLead()[pri:2, instance:leads_Module.CreateLead@69e153c5]" started-at="2024-06-26T22:07:57 IST" name="editLead" finished-at="2024-06-26T22:08:33 IST" duration-ms="36077" status="PASS">
          <reporter-output>
          </reporter-output>
        </test-method> <!-- editLead -->
        <test-method is-config="true" signature="TeadDown()[pri:0, instance:leads_Module.CreateLead@69e153c5]" started-at="2024-06-26T22:08:33 IST" name="TeadDown" finished-at="2024-06-26T22:08:34 IST" duration-ms="542" status="PASS">
          <reporter-output>
          </reporter-output>
        </test-method> <!-- TeadDown -->
        <test-method is-config="true" signature="launch()[pri:0, instance:leads_Module.CreateLead@69e153c5]" started-at="2024-06-26T22:08:34 IST" name="launch" finished-at="2024-06-26T22:08:40 IST" duration-ms="6481" status="PASS">
          <reporter-output>
          </reporter-output>
        </test-method> <!-- launch -->
        <test-method signature="deleteLead()[pri:3, instance:leads_Module.CreateLead@69e153c5]" started-at="2024-06-26T22:08:40 IST" name="deleteLead" finished-at="2024-06-26T22:08:58 IST" duration-ms="17520" status="PASS">
          <reporter-output>
          </reporter-output>
        </test-method> <!-- deleteLead -->
        <test-method is-config="true" signature="TeadDown()[pri:0, instance:leads_Module.CreateLead@69e153c5]" started-at="2024-06-26T22:08:58 IST" name="TeadDown" finished-at="2024-06-26T22:08:58 IST" duration-ms="566" status="PASS">
          <reporter-output>
          </reporter-output>
        </test-method> <!-- TeadDown -->
      </class> <!-- leads_Module.CreateLead -->
    </test> <!-- Default test -->
  </suite> <!-- Default suite -->
</testng-results>
